[03Apr2025 00:00:29.811] [Server thread/INFO] [net.minecraft.server.MinecraftServer/]: Applied effect Speed to edinson123pro
[03Apr2025 00:01:26.062] [Server thread/INFO] [net.minecraft.server.MinecraftServer/]: Applied effect Speed to edinson123pro
[03Apr2025 00:01:52.918] [Server thread/INFO] [net.minecraft.server.MinecraftServer/]: Applied effect Regeneration to edinson123pro
[03Apr2025 00:02:01.526] [Server thread/INFO] [net.minecraft.server.MinecraftServer/]: Applied effect Speed to edinson123pro
[03Apr2025 00:02:02.470] [Server thread/INFO] [net.minecraft.server.MinecraftServer/]: Applied effect Regeneration to edinson123pro
[03Apr2025 00:03:34.662] [Server thread/INFO] [net.minecraft.server.MinecraftServer/]: Applied effect Poison to edinson123pro
[03Apr2025 00:03:46.018] [Server thread/INFO] [net.minecraft.server.MinecraftServer/]: Applied effect Poison to edinson123pro
[03Apr2025 00:03:52.870] [Server thread/INFO] [net.minecraft.server.MinecraftServer/]: Applied effect Poison to edinson123pro
[03Apr2025 00:04:08.859] [Server thread/INFO] [net.minecraft.server.MinecraftServer/]: Applied effect Poison to edinson123pro
[03Apr2025 00:04:14.369] [Server thread/INFO] [net.minecraft.server.MinecraftServer/]: Applied effect Speed to edinson123pro
[03Apr2025 00:04:42.931] [Server thread/INFO] [net.minecraft.server.MinecraftServer/]: Applied 10.0 damage to edinson123pro
[03Apr2025 00:04:48.569] [Server thread/INFO] [net.minecraft.server.MinecraftServer/]: Applied 10.0 damage to edinson123pro
[03Apr2025 00:04:57.671] [Server thread/INFO] [net.minecraft.server.MinecraftServer/]: edinson123pro died
[03Apr2025 00:05:06.809] [Server thread/INFO] [net.minecraft.server.MinecraftServer/]: Applied effect Poison to edinson123pro
[03Apr2025 00:05:18.562] [Server thread/INFO] [net.minecraft.server.MinecraftServer/]: Applied effect Regeneration to edinson123pro
[03Apr2025 00:07:18.561] [Server thread/INFO] [net.minecraft.server.MinecraftServer/]: Applied effect Speed to edinson123pro
[03Apr2025 00:09:33.860] [Server thread/INFO] [net.minecraft.server.MinecraftServer/]: Applied 1.5 damage to edinson123pro
[03Apr2025 00:10:32.112] [Server thread/INFO] [net.minecraft.server.MinecraftServer/]: Applied 1.5 damage to edinson123pro
[03Apr2025 00:19:52.666] [Server thread/WARN] [net.minecraft.server.network.ServerGamePacketListenerImpl/]: Rejecting UseItemOnPacket from edinson123pro: Location (-196.9186578243971, 72.52166557312012, 312.0) too far away from hit block BlockPos{x=-197, y=71, z=312}.
[03Apr2025 00:19:52.666] [Server thread/WARN] [net.minecraft.server.network.ServerGamePacketListenerImpl/]: Rejecting UseItemOnPacket from edinson123pro: Location (-196.9186578243971, 72.52166557312012, 312.0) too far away from hit block BlockPos{x=-197, y=71, z=312}.
[03Apr2025 00:29:04.660] [Server thread/INFO] [net.minecraft.server.MinecraftServer/]: Applied effect Speed to edinson123pro
